2023-01-02 12:43:41.495  INFO 13416 --- [restartedMain] c.l.t.TraineemanagementsystemApplication : Starting TraineemanagementsystemApplication using Java 17.0.4.1 on RIS-ld3cc0h5tKl with PID 13416 (C:\PremGit\traineemanagementsystem\target\classes started by PalPre01 in C:\PremGit\traineemanagementsystem)
2023-01-02 12:43:41.496  INFO 13416 --- [restartedMain] c.l.t.TraineemanagementsystemApplication : No active profile set, falling back to 1 default profile: "default"
2023-01-02 12:43:41.624  INFO 13416 --- [restartedMain] .s.d.r.c.RepositoryConfigurationDelegate : Bootstrapping Spring Data JPA repositories in DEFAULT mode.
2023-01-02 12:43:41.633  INFO 13416 --- [restartedMain] .s.d.r.c.RepositoryConfigurationDelegate : Finished Spring Data repository scanning in 8 ms. Found 1 JPA repository interfaces.
2023-01-02 12:43:41.690  INFO 13416 --- [restartedMain] o.s.b.w.embedded.tomcat.TomcatWebServer  : Tomcat initialized with port(s): 9090 (http)
2023-01-02 12:43:41.690  INFO 13416 --- [restartedMain] o.apache.catalina.core.StandardService   : Starting service [Tomcat]
2023-01-02 12:43:41.691  INFO 13416 --- [restartedMain] org.apache.catalina.core.StandardEngine  : Starting Servlet engine: [Apache Tomcat/9.0.68]
2023-01-02 12:43:41.710  INFO 13416 --- [restartedMain] o.a.c.c.C.[Tomcat-3].[localhost].[/]     : Initializing Spring embedded WebApplicationContext
2023-01-02 12:43:41.710  INFO 13416 --- [restartedMain] w.s.c.ServletWebServerApplicationContext : Root WebApplicationContext: initialization completed in 212 ms
2023-01-02 12:43:41.775  INFO 13416 --- [restartedMain] o.hibernate.jpa.internal.util.LogHelper  : HHH000204: Processing PersistenceUnitInfo [name: default]
2023-01-02 12:43:41.779  INFO 13416 --- [restartedMain] com.zaxxer.hikari.HikariDataSource       : restapp - Starting...
2023-01-02 12:43:41.796  INFO 13416 --- [restartedMain] com.zaxxer.hikari.HikariDataSource       : restapp - Start completed.
2023-01-02 12:43:41.796  INFO 13416 --- [restartedMain] org.hibernate.dialect.Dialect            : HHH000400: Using dialect: org.hibernate.dialect.MySQL55Dialect
2023-01-02 12:43:41.823  INFO 13416 --- [restartedMain] o.h.e.t.j.p.i.JtaPlatformInitiator       : HHH000490: Using JtaPlatform implementation: [org.hibernate.engine.transaction.jta.platform.internal.NoJtaPlatform]
2023-01-02 12:43:41.823  INFO 13416 --- [restartedMain] j.LocalContainerEntityManagerFactoryBean : Initialized JPA EntityManagerFactory for persistence unit 'default'
2023-01-02 12:43:41.868  WARN 13416 --- [restartedMain] JpaBaseConfiguration$JpaWebConfiguration : spring.jpa.open-in-view is enabled by default. Therefore, database queries may be performed during view rendering. Explicitly configure spring.jpa.open-in-view to disable this warning
2023-01-02 12:43:41.932  INFO 13416 --- [restartedMain] o.s.b.d.a.OptionalLiveReloadServer       : LiveReload server is running on port 35729
2023-01-02 12:43:41.941  INFO 13416 --- [restartedMain] o.s.b.w.embedded.tomcat.TomcatWebServer  : Tomcat started on port(s): 9090 (http) with context path ''
2023-01-02 12:43:41.944  INFO 13416 --- [restartedMain] c.l.t.TraineemanagementsystemApplication : Started TraineemanagementsystemApplication in 0.479 seconds (JVM running for 1972.636)
2023-01-02 12:43:41.944  INFO 13416 --- [restartedMain] .ConditionEvaluationDeltaLoggingListener : Condition evaluation unchanged
2023-01-02 12:44:21.065  INFO 13416 --- [File Watcher] rtingClassPathChangeChangedEventListener : Restarting due to 1 class path change (1 addition, 0 deletions, 0 modifications)
2023-01-02 12:44:21.082  INFO 13416 --- [Thread-40] o.apache.catalina.core.StandardService   : Stopping service [Tomcat]
2023-01-02 12:44:21.086  INFO 13416 --- [Thread-40] j.LocalContainerEntityManagerFactoryBean : Closing JPA EntityManagerFactory for persistence unit 'default'
2023-01-02 12:44:21.087  INFO 13416 --- [Thread-40] com.zaxxer.hikari.HikariDataSource       : restapp - Shutdown initiated...
2023-01-02 12:44:21.091  INFO 13416 --- [Thread-40] com.zaxxer.hikari.HikariDataSource       : restapp - Shutdown completed.
